<?xml version="1.0" encoding="UTF-8"?>
<coverage generated="1634063234">
  <project timestamp="1634063234">
    <file name="C:\code\acamposm\laravel-telegram-bot\src\API\Methods\SendDocument.php">
      <class name="Acamposm\TelegramBot\API\Methods\SendDocument" namespace="global">
        <metrics complexity="0" methods="0" coveredmethods="0" conditionals="0" coveredconditionals="0" statements="0" coveredstatements="0" elements="0" coveredelements="0"/>
      </class>
      <metrics loc="71" ncloc="26" classes="0" methods="0" coveredmethods="0" conditionals="0" coveredconditionals="0" statements="0" coveredstatements="0" elements="0" coveredelements="0"/>
    </file>
    <file name="C:\code\acamposm\laravel-telegram-bot\src\API\Methods\SendMessage.php">
      <class name="Acamposm\TelegramBot\API\Methods\SendMessage" namespace="global">
        <metrics complexity="0" methods="0" coveredmethods="0" conditionals="0" coveredconditionals="0" statements="0" coveredstatements="0" elements="0" coveredelements="0"/>
      </class>
      <metrics loc="47" ncloc="22" classes="0" methods="0" coveredmethods="0" conditionals="0" coveredconditionals="0" statements="0" coveredstatements="0" elements="0" coveredelements="0"/>
    </file>
    <file name="C:\code\acamposm\laravel-telegram-bot\src\API\Methods\SendPhoto.php">
      <class name="Acamposm\TelegramBot\API\Methods\SendPhoto" namespace="global">
        <metrics complexity="0" methods="0" coveredmethods="0" conditionals="0" coveredconditionals="0" statements="0" coveredstatements="0" elements="0" coveredelements="0"/>
      </class>
      <metrics loc="53" ncloc="22" classes="0" methods="0" coveredmethods="0" conditionals="0" coveredconditionals="0" statements="0" coveredstatements="0" elements="0" coveredelements="0"/>
    </file>
    <file name="C:\code\acamposm\laravel-telegram-bot\src\Bot.php">
      <class name="Acamposm\TelegramBot\Bot" namespace="global">
        <metrics complexity="3" methods="2" coveredmethods="0" conditionals="0" coveredconditionals="0" statements="4" coveredstatements="0" elements="6" coveredelements="0"/>
      </class>
      <line num="16" type="method" name="Api" visibility="public" complexity="1" crap="2" count="0"/>
      <line num="23" type="stmt" count="0"/>
      <line num="32" type="method" name="Name" visibility="public" complexity="2" crap="6" count="0"/>
      <line num="34" type="stmt" count="0"/>
      <line num="35" type="stmt" count="0"/>
      <line num="38" type="stmt" count="0"/>
      <metrics loc="39" ncloc="27" classes="1" methods="2" coveredmethods="0" conditionals="0" coveredconditionals="0" statements="4" coveredstatements="0" elements="6" coveredelements="0"/>
    </file>
    <file name="C:\code\acamposm\laravel-telegram-bot\src\Console\InstallTelegramBotCommand.php">
      <class name="Acamposm\TelegramBot\Console\InstallTelegramBotCommand" namespace="global">
        <metrics complexity="9" methods="6" coveredmethods="0" conditionals="0" coveredconditionals="0" statements="20" coveredstatements="0" elements="26" coveredelements="0"/>
      </class>
      <line num="38" type="method" name="handle" visibility="public" complexity="2" crap="6" count="0"/>
      <line num="40" type="stmt" count="0"/>
      <line num="42" type="stmt" count="0"/>
      <line num="44" type="stmt" count="0"/>
      <line num="45" type="stmt" count="0"/>
      <line num="46" type="stmt" count="0"/>
      <line num="47" type="stmt" count="0"/>
      <line num="50" type="stmt" count="0"/>
      <line num="58" type="method" name="configExists" visibility="private" complexity="1" crap="2" count="0"/>
      <line num="60" type="stmt" count="0"/>
      <line num="68" type="method" name="publishConfiguration" visibility="private" complexity="2" crap="6" count="0"/>
      <line num="70" type="stmt" count="0"/>
      <line num="75" type="stmt" count="0"/>
      <line num="76" type="stmt" count="0"/>
      <line num="79" type="stmt" count="0"/>
      <line num="87" type="method" name="shouldOverwriteConfig" visibility="private" complexity="1" crap="2" count="0"/>
      <line num="89" type="stmt" count="0"/>
      <line num="95" type="method" name="performActionsOnExistingFile" visibility="private" complexity="2" crap="6" count="0"/>
      <line num="97" type="stmt" count="0"/>
      <line num="99" type="stmt" count="0"/>
      <line num="101" type="stmt" count="0"/>
      <line num="103" type="stmt" count="0"/>
      <line num="105" type="stmt" count="0"/>
      <line num="109" type="method" name="performActionsOnNonExistingFile" visibility="private" complexity="1" crap="2" count="0"/>
      <line num="111" type="stmt" count="0"/>
      <line num="112" type="stmt" count="0"/>
      <metrics loc="113" ncloc="78" classes="1" methods="6" coveredmethods="0" conditionals="0" coveredconditionals="0" statements="20" coveredstatements="0" elements="26" coveredelements="0"/>
    </file>
    <file name="C:\code\acamposm\laravel-telegram-bot\src\Contracts\RequestMethod.php">
      <metrics loc="12" ncloc="7" classes="0" methods="0" coveredmethods="0" conditionals="0" coveredconditionals="0" statements="0" coveredstatements="0" elements="0" coveredelements="0"/>
    </file>
    <file name="C:\code\acamposm\laravel-telegram-bot\src\Enums\Dummy.php">
      <class name="Acamposm\TelegramBot\Enums\Dummy" namespace="global">
        <metrics complexity="0" methods="0" coveredmethods="0" conditionals="0" coveredconditionals="0" statements="0" coveredstatements="0" elements="0" coveredelements="0"/>
      </class>
      <line num="9" type="stmt" count="1"/>
      <metrics loc="8" ncloc="8" classes="0" methods="0" coveredmethods="0" conditionals="0" coveredconditionals="0" statements="0" coveredstatements="0" elements="0" coveredelements="0"/>
    </file>
    <file name="C:\code\acamposm\laravel-telegram-bot\src\Exceptions\BotConfigurationException.php">
      <class name="Acamposm\TelegramBot\Exceptions\BotConfigurationException" namespace="global">
        <metrics complexity="2" methods="2" coveredmethods="0" conditionals="0" coveredconditionals="0" statements="2" coveredstatements="0" elements="4" coveredelements="0"/>
      </class>
      <line num="14" type="method" name="NameNotDefined" visibility="public" complexity="1" crap="2" count="0"/>
      <line num="16" type="stmt" count="0"/>
      <line num="24" type="method" name="TokenNotDefined" visibility="public" complexity="1" crap="2" count="0"/>
      <line num="26" type="stmt" count="0"/>
      <metrics loc="27" ncloc="17" classes="1" methods="2" coveredmethods="0" conditionals="0" coveredconditionals="0" statements="2" coveredstatements="0" elements="4" coveredelements="0"/>
    </file>
    <file name="C:\code\acamposm\laravel-telegram-bot\src\Facades\BotFacade.php">
      <class name="Acamposm\TelegramBot\Facades\BotFacade" namespace="global">
        <metrics complexity="1" methods="1" coveredmethods="0" conditionals="0" coveredconditionals="0" statements="1" coveredstatements="0" elements="2" coveredelements="0"/>
      </class>
      <line num="16" type="method" name="getFacadeAccessor" visibility="protected" complexity="1" crap="2" count="0"/>
      <line num="18" type="stmt" count="0"/>
      <metrics loc="19" ncloc="12" classes="1" methods="1" coveredmethods="0" conditionals="0" coveredconditionals="0" statements="1" coveredstatements="0" elements="2" coveredelements="0"/>
    </file>
    <file name="C:\code\acamposm\laravel-telegram-bot\src\Facades\TelegramFacade.php">
      <class name="Acamposm\TelegramBot\Facades\TelegramFacade" namespace="global">
        <metrics complexity="1" methods="1" coveredmethods="0" conditionals="0" coveredconditionals="0" statements="1" coveredstatements="0" elements="2" coveredelements="0"/>
      </class>
      <line num="16" type="method" name="getFacadeAccessor" visibility="protected" complexity="1" crap="2" count="0"/>
      <line num="18" type="stmt" count="0"/>
      <metrics loc="19" ncloc="12" classes="1" methods="1" coveredmethods="0" conditionals="0" coveredconditionals="0" statements="1" coveredstatements="0" elements="2" coveredelements="0"/>
    </file>
    <file name="C:\code\acamposm\laravel-telegram-bot\src\Request.php">
      <class name="Acamposm\TelegramBot\Request" namespace="global">
        <metrics complexity="10" methods="9" coveredmethods="0" conditionals="0" coveredconditionals="0" statements="11" coveredstatements="0" elements="20" coveredelements="0"/>
      </class>
      <line num="28" type="method" name="fromMethod" visibility="public" complexity="1" crap="2" count="0"/>
      <line num="30" type="stmt" count="0"/>
      <line num="39" type="method" name="get" visibility="public" complexity="1" crap="2" count="0"/>
      <line num="41" type="stmt" count="0"/>
      <line num="43" type="stmt" count="0"/>
      <line num="54" type="method" name="post" visibility="public" complexity="1" crap="2" count="0"/>
      <line num="56" type="stmt" count="0"/>
      <line num="58" type="stmt" count="0"/>
      <line num="63" type="method" name="getTelegramPendingRequest" visibility="public" complexity="1" crap="2" count="0"/>
      <line num="65" type="stmt" count="0"/>
      <line num="74" type="method" name="getHeaders" visibility="private" complexity="1" crap="2" count="0"/>
      <line num="76" type="stmt" count="0"/>
      <line num="87" type="method" name="getOptions" visibility="private" complexity="1" crap="2" count="0"/>
      <line num="89" type="stmt" count="0"/>
      <line num="99" type="method" name="getUrl" visibility="private" complexity="1" crap="2" count="0"/>
      <line num="101" type="stmt" count="0"/>
      <line num="109" type="method" name="getMethod" visibility="private" complexity="1" crap="2" count="0"/>
      <line num="111" type="stmt" count="0"/>
      <line num="120" type="method" name="toArray" visibility="public" complexity="1" crap="2" count="0"/>
      <line num="122" type="stmt" count="0"/>
      <metrics loc="128" ncloc="78" classes="1" methods="9" coveredmethods="0" conditionals="0" coveredconditionals="0" statements="11" coveredstatements="0" elements="20" coveredelements="0"/>
    </file>
    <file name="C:\code\acamposm\laravel-telegram-bot\src\ServiceProviders\TelegramBotServiceProvider.php">
      <class name="Acamposm\TelegramBot\ServiceProviders\TelegramBotServiceProvider" namespace="global">
        <metrics complexity="7" methods="6" coveredmethods="5" conditionals="0" coveredconditionals="0" statements="23" coveredstatements="21" elements="29" coveredelements="26"/>
      </class>
      <line num="17" type="method" name="boot" visibility="public" complexity="2" crap="2" count="1"/>
      <line num="19" type="stmt" count="1"/>
      <line num="20" type="stmt" count="1"/>
      <line num="21" type="stmt" count="1"/>
      <line num="23" type="stmt" count="1"/>
      <line num="30" type="method" name="register" visibility="public" complexity="1" crap="1.02" count="1"/>
      <line num="32" type="stmt" count="1"/>
      <line num="33" type="stmt" count="0"/>
      <line num="34" type="stmt" count="1"/>
      <line num="36" type="stmt" count="1"/>
      <line num="37" type="stmt" count="0"/>
      <line num="38" type="stmt" count="1"/>
      <line num="40" type="stmt" count="1"/>
      <line num="41" type="stmt" count="1"/>
      <line num="48" type="method" name="getConfigPath" visibility="private" complexity="1" crap="1" count="1"/>
      <line num="50" type="stmt" count="1"/>
      <line num="56" type="method" name="mergeConfig" visibility="private" complexity="1" crap="1" count="1"/>
      <line num="58" type="stmt" count="1"/>
      <line num="59" type="stmt" count="1"/>
      <line num="64" type="method" name="publishConfig" visibility="private" complexity="1" crap="1" count="1"/>
      <line num="66" type="stmt" count="1"/>
      <line num="68" type="stmt" count="1"/>
      <line num="69" type="stmt" count="1"/>
      <line num="70" type="stmt" count="1"/>
      <line num="71" type="stmt" count="1"/>
      <line num="76" type="method" name="registerCommands" visibility="private" complexity="1" crap="1" count="1"/>
      <line num="78" type="stmt" count="1"/>
      <line num="79" type="stmt" count="1"/>
      <line num="81" type="stmt" count="1"/>
      <line num="82" type="stmt" count="1"/>
      <metrics loc="81" ncloc="57" classes="1" methods="6" coveredmethods="5" conditionals="0" coveredconditionals="0" statements="23" coveredstatements="21" elements="29" coveredelements="26"/>
    </file>
    <file name="C:\code\acamposm\laravel-telegram-bot\src\Telegram.php">
      <class name="Acamposm\TelegramBot\Telegram" namespace="global">
        <metrics complexity="1" methods="1" coveredmethods="0" conditionals="0" coveredconditionals="0" statements="1" coveredstatements="0" elements="2" coveredelements="0"/>
      </class>
      <line num="12" type="method" name="Api" visibility="public" complexity="1" crap="2" count="0"/>
      <line num="14" type="stmt" count="0"/>
      <metrics loc="15" ncloc="10" classes="1" methods="1" coveredmethods="0" conditionals="0" coveredconditionals="0" statements="1" coveredstatements="0" elements="2" coveredelements="0"/>
    </file>
    <file name="C:\code\acamposm\laravel-telegram-bot\src\Traits\NotifiableMessage.php">
      <class name="Acamposm\TelegramBot\Traits\NotifiableMessage" namespace="global">
        <metrics complexity="0" methods="0" coveredmethods="0" conditionals="0" coveredconditionals="0" statements="0" coveredstatements="0" elements="0" coveredelements="0"/>
      </class>
      <metrics loc="13" ncloc="7" classes="0" methods="0" coveredmethods="0" conditionals="0" coveredconditionals="0" statements="0" coveredstatements="0" elements="0" coveredelements="0"/>
    </file>
    <file name="C:\code\acamposm\laravel-telegram-bot\src\Traits\ParseableMessage.php">
      <class name="Acamposm\TelegramBot\Traits\ParseableMessage" namespace="global">
        <metrics complexity="0" methods="0" coveredmethods="0" conditionals="0" coveredconditionals="0" statements="0" coveredstatements="0" elements="0" coveredelements="0"/>
      </class>
      <metrics loc="13" ncloc="7" classes="0" methods="0" coveredmethods="0" conditionals="0" coveredconditionals="0" statements="0" coveredstatements="0" elements="0" coveredelements="0"/>
    </file>
    <file name="C:\code\acamposm\laravel-telegram-bot\src\Traits\ReplyableMessage.php">
      <class name="Acamposm\TelegramBot\Traits\ReplyableMessage" namespace="global">
        <metrics complexity="0" methods="0" coveredmethods="0" conditionals="0" coveredconditionals="0" statements="0" coveredstatements="0" elements="0" coveredelements="0"/>
      </class>
      <metrics loc="32" ncloc="11" classes="0" methods="0" coveredmethods="0" conditionals="0" coveredconditionals="0" statements="0" coveredstatements="0" elements="0" coveredelements="0"/>
    </file>
    <metrics files="16" loc="690" ncloc="401" classes="8" methods="28" coveredmethods="5" conditionals="0" coveredconditionals="0" statements="63" coveredstatements="21" elements="91" coveredelements="26"/>
  </project>
</coverage>
